<?xml version="1.0" encoding="UTF-8"?>
<!-- Generated by org.testng.reporters.JUnitXMLReporter -->
<testsuite hostname="HPDB0273" ignored="0" name="Default test" tests="3" failures="0" timestamp="02 Jul 2018 10:19:08 GMT" time="72.983" errors="0">
  <testcase name="autoDetecting" time="5.278" classname="TestTranslation.TestBingTranslator"/>
  <testcase name="moreThan5000Characters" time="53.799" classname="TestTranslation.TestBingTranslator"/>
  <testcase name="properTranslation" time="5.171" classname="TestTranslation.TestBingTranslator"/>
</testsuite> <!-- Default test -->
