<?xml version="1.0" encoding="UTF-8"?>
<testng-results skipped="0" failed="0" ignored="0" total="3" passed="3">
  <reporter-output>
  </reporter-output>
  <suite name="Default suite" duration-ms="72983" started-at="2018-07-02T10:17:55Z" finished-at="2018-07-02T10:19:08Z">
    <groups>
    </groups>
    <test name="Default test" duration-ms="72983" started-at="2018-07-02T10:17:55Z" finished-at="2018-07-02T10:19:08Z">
      <class name="TestTranslation.TestBingTranslator">
        <test-method status="PASS" signature="beforeClass()[pri:0, instance:TestTranslation.TestBingTranslator@5e3a8624]" name="beforeClass" is-config="true" duration-ms="4798" started-at="2018-07-02T10:17:55Z" finished-at="2018-07-02T10:18:00Z">
          <reporter-output>
          </reporter-output>
        </test-method> <!-- beforeClass -->
        <test-method status="PASS" signature="beforeMethod()[pri:0, instance:TestTranslation.TestBingTranslator@5e3a8624]" name="beforeMethod" is-config="true" duration-ms="1646" started-at="2018-07-02T10:18:00Z" finished-at="2018-07-02T10:18:01Z">
          <reporter-output>
          </reporter-output>
        </test-method> <!-- beforeMethod -->
        <test-method status="PASS" signature="autoDetecting()[pri:0, instance:TestTranslation.TestBingTranslator@5e3a8624]" name="autoDetecting" duration-ms="5278" started-at="2018-07-02T10:18:01Z" finished-at="2018-07-02T10:18:07Z">
          <reporter-output>
          </reporter-output>
        </test-method> <!-- autoDetecting -->
        <test-method status="PASS" signature="beforeMethod()[pri:0, instance:TestTranslation.TestBingTranslator@5e3a8624]" name="beforeMethod" is-config="true" duration-ms="1371" started-at="2018-07-02T10:18:07Z" finished-at="2018-07-02T10:18:08Z">
          <reporter-output>
          </reporter-output>
        </test-method> <!-- beforeMethod -->
        <test-method status="PASS" signature="moreThan5000Characters()[pri:0, instance:TestTranslation.TestBingTranslator@5e3a8624]" name="moreThan5000Characters" duration-ms="53799" started-at="2018-07-02T10:18:08Z" finished-at="2018-07-02T10:19:02Z">
          <reporter-output>
          </reporter-output>
        </test-method> <!-- moreThan5000Characters -->
        <test-method status="PASS" signature="beforeMethod()[pri:0, instance:TestTranslation.TestBingTranslator@5e3a8624]" name="beforeMethod" is-config="true" duration-ms="898" started-at="2018-07-02T10:19:02Z" finished-at="2018-07-02T10:19:03Z">
          <reporter-output>
          </reporter-output>
        </test-method> <!-- beforeMethod -->
        <test-method status="PASS" signature="properTranslation()[pri:0, instance:TestTranslation.TestBingTranslator@5e3a8624]" name="properTranslation" duration-ms="5171" started-at="2018-07-02T10:19:03Z" depends-on-methods="TestTranslation.TestBingTranslator.autoDetecting" finished-at="2018-07-02T10:19:08Z">
          <reporter-output>
          </reporter-output>
        </test-method> <!-- properTranslation -->
      </class> <!-- TestTranslation.TestBingTranslator -->
    </test> <!-- Default test -->
  </suite> <!-- Default suite -->
</testng-results>
